<?xml version="1.0" encoding="UTF-8"?>
<!-- Generated by org.testng.reporters.JUnitReportReporter -->
<testsuite hostname="EC2AMAZ-S11DBRH" failures="0" tests="3" name="runner.PlaceOrderCaseStudy" time="4.603" errors="0" timestamp="14 Feb 2024 06:13:41 GMT" skipped="0">
  <testcase classname="runner.PlaceOrderCaseStudy" name="runScenario" time="0.285"/>
  <testcase classname="runner.PlaceOrderCaseStudy" name="runScenario" time="0.911"/>
  <testcase classname="runner.PlaceOrderCaseStudy" name="runScenario" time="3.407"/>
</testsuite> <!-- runner.PlaceOrderCaseStudy -->
